<?xml version="1.0" encoding="utf-8"?>
<TestRun id="92109790-8d7e-4e6c-af7b-bbecf0ef47b3" name="asiffkam@CRLHV-PRET48 2022-10-04 19:03:30" runUser="CONTOURSOFTWARE\asiffkam" xmlns="http://microsoft.com/schemas/VisualStudio/TeamTest/2010">
  <Times creation="2022-10-04T19:03:30.3073810+05:00" queuing="2022-10-04T19:03:30.3073810+05:00" start="2022-10-04T19:03:09.6243872+05:00" finish="2022-10-04T19:04:58.6396902+05:00" />
  <TestSettings name="default" id="82e1ca04-c71f-43b9-b0f9-a7e01a9a2312">
    <Deployment runDeploymentRoot="asiffkam_CRLHV-PRET48_2022-10-04_19_03_30" />
  </TestSettings>
  <Results>
    <UnitTestResult executionId="667c104f-44fe-4390-aaa7-c927ef537f65" testId="8ff2898e-7f50-4d51-8303-fe48f213b48c" testName="menu" computerName="CRLHV-PRET48" duration="00:00:28.3042996" startTime="2022-10-04T19:03:47.6394331+05:00" endTime="2022-10-04T19:04:15.9436124+05:00" testType="13cdc9d9-ddb5-4fa4-a97d-d965ccfc6d4b" outcome="Passed" testListId="8c84fa94-04c1-424b-9868-57a2d4851a1d" relativeResultsDirectory="667c104f-44fe-4390-aaa7-c927ef537f65" />
    <UnitTestResult executionId="0dd94978-98d0-4561-ba72-04eaf57afe8b" testId="39feb591-da25-4199-9661-1aca07ae5916" testName="signUp (Data Row 0)" computerName="CRLHV-PRET48" duration="00:00:27.0689837" startTime="2022-10-04T19:04:30.3754351+05:00" endTime="2022-10-04T19:04:58.2646946+05:00" testType="13cdc9d9-ddb5-4fa4-a97d-d965ccfc6d4b" outcome="Passed" testListId="8c84fa94-04c1-424b-9868-57a2d4851a1d" relativeResultsDirectory="0dd94978-98d0-4561-ba72-04eaf57afe8b" />
    <UnitTestResult executionId="29727fc0-61eb-4613-adf8-3b490ba8703a" testId="9e12aa56-2b94-4c91-8961-a813dee55562" testName="finde" computerName="CRLHV-PRET48" duration="00:00:17.4097767" startTime="2022-10-04T19:03:30.2283813+05:00" endTime="2022-10-04T19:03:47.6384342+05:00" testType="13cdc9d9-ddb5-4fa4-a97d-d965ccfc6d4b" outcome="Passed" testListId="8c84fa94-04c1-424b-9868-57a2d4851a1d" relativeResultsDirectory="29727fc0-61eb-4613-adf8-3b490ba8703a" />
    <UnitTestResult executionId="696be979-aa7c-47dd-92b1-930ff9219afd" testId="983d6ca1-4378-4f86-b83b-e2cf093392e6" testName="filter" computerName="CRLHV-PRET48" duration="00:00:14.4290414" startTime="2022-10-04T19:04:15.9446118+05:00" endTime="2022-10-04T19:04:30.3744344+05:00" testType="13cdc9d9-ddb5-4fa4-a97d-d965ccfc6d4b" outcome="Failed" testListId="8c84fa94-04c1-424b-9868-57a2d4851a1d" relativeResultsDirectory="696be979-aa7c-47dd-92b1-930ff9219afd">
      <Output>
        <ErrorInfo>
          <Message>Test method homeShoppingProject.LoginAutomation.filter threw exception: &#xD;
OpenQA.Selenium.NoSuchElementException: no such element: Unable to locate element: {"method":"css selector","selector":"#sidecatbrand_1"}
  (Session info: chrome=105.0.5195.127)</Message>
          <StackTrace>    at OpenQA.Selenium.WebDriver.UnpackAndThrowOnError(Response errorResponse, String commandToExecute)&#xD;
   at OpenQA.Selenium.WebDriver.Execute(String driverCommandToExecute, Dictionary`2 parameters)&#xD;
   at OpenQA.Selenium.WebDriver.FindElement(String mechanism, String value)&#xD;
   at OpenQA.Selenium.By.&lt;.ctor&gt;b__11_0(ISearchContext context)&#xD;
   at OpenQA.Selenium.By.FindElement(ISearchContext context)&#xD;
   at OpenQA.Selenium.WebDriver.FindElement(By by)&#xD;
   at homeShoppingProject.BasePage.checkBox(By by) in C:\Users\asiffkam\source\repos\homeShoppingProject\homeShoppingProject\BasePage.cs:line 84&#xD;
   at homeShoppingProject.filterPage.filter(String sortBya1) in C:\Users\asiffkam\source\repos\homeShoppingProject\homeShoppingProject\filter.cs:line 22&#xD;
   at homeShoppingProject.LoginAutomation.filter() in C:\Users\asiffkam\source\repos\homeShoppingProject\homeShoppingProject\UnitTest1.cs:line 82&#xD;
</StackTrace>
        </ErrorInfo>
      </Output>
    </UnitTestResult>
    <UnitTestResult executionId="e13e7aad-41f0-4753-b8b1-fdc8ead568ee" testId="6521d197-524d-40e3-8b4c-7bc1794d1bd8" testName="Login" computerName="CRLHV-PRET48" duration="00:00:15.1444605" startTime="2022-10-04T19:03:14.4393817+05:00" endTime="2022-10-04T19:03:30.1553818+05:00" testType="13cdc9d9-ddb5-4fa4-a97d-d965ccfc6d4b" outcome="Passed" testListId="8c84fa94-04c1-424b-9868-57a2d4851a1d" relativeResultsDirectory="e13e7aad-41f0-4753-b8b1-fdc8ead568ee" />
  </Results>
  <TestDefinitions>
    <UnitTest name="filter" storage="c:\users\asiffkam\source\repos\homeshoppingproject\homeshoppingproject\bin\debug\homeshoppingproject.dll" id="983d6ca1-4378-4f86-b83b-e2cf093392e6">
      <Execution id="696be979-aa7c-47dd-92b1-930ff9219afd" />
      <TestMethod codeBase="C:\Users\asiffkam\source\repos\homeShoppingProject\homeShoppingProject\bin\Debug\homeShoppingProject.dll" adapterTypeName="executor://mstestadapter/v2" className="homeShoppingProject.LoginAutomation" name="filter" />
    </UnitTest>
    <UnitTest name="Login" storage="c:\users\asiffkam\source\repos\homeshoppingproject\homeshoppingproject\bin\debug\homeshoppingproject.dll" id="6521d197-524d-40e3-8b4c-7bc1794d1bd8">
      <Execution id="e13e7aad-41f0-4753-b8b1-fdc8ead568ee" />
      <TestMethod codeBase="C:\Users\asiffkam\source\repos\homeShoppingProject\homeShoppingProject\bin\Debug\homeShoppingProject.dll" adapterTypeName="executor://mstestadapter/v2" className="homeShoppingProject.LoginAutomation" name="Login" />
    </UnitTest>
    <UnitTest name="finde" storage="c:\users\asiffkam\source\repos\homeshoppingproject\homeshoppingproject\bin\debug\homeshoppingproject.dll" id="9e12aa56-2b94-4c91-8961-a813dee55562">
      <Execution id="29727fc0-61eb-4613-adf8-3b490ba8703a" />
      <TestMethod codeBase="C:\Users\asiffkam\source\repos\homeShoppingProject\homeShoppingProject\bin\Debug\homeShoppingProject.dll" adapterTypeName="executor://mstestadapter/v2" className="homeShoppingProject.LoginAutomation" name="finde" />
    </UnitTest>
    <UnitTest name="signUp (Data Row 0)" storage="c:\users\asiffkam\source\repos\homeshoppingproject\homeshoppingproject\bin\debug\homeshoppingproject.dll" id="39feb591-da25-4199-9661-1aca07ae5916">
      <Execution id="0dd94978-98d0-4561-ba72-04eaf57afe8b" />
      <TestMethod codeBase="C:\Users\asiffkam\source\repos\homeShoppingProject\homeShoppingProject\bin\Debug\homeShoppingProject.dll" adapterTypeName="executor://mstestadapter/v2" className="homeShoppingProject.LoginAutomation" name="signUp" />
    </UnitTest>
    <UnitTest name="menu" storage="c:\users\asiffkam\source\repos\homeshoppingproject\homeshoppingproject\bin\debug\homeshoppingproject.dll" id="8ff2898e-7f50-4d51-8303-fe48f213b48c">
      <Execution id="667c104f-44fe-4390-aaa7-c927ef537f65" />
      <TestMethod codeBase="C:\Users\asiffkam\source\repos\homeShoppingProject\homeShoppingProject\bin\Debug\homeShoppingProject.dll" adapterTypeName="executor://mstestadapter/v2" className="homeShoppingProject.LoginAutomation" name="menu" />
    </UnitTest>
  </TestDefinitions>
  <TestEntries>
    <TestEntry testId="8ff2898e-7f50-4d51-8303-fe48f213b48c" executionId="667c104f-44fe-4390-aaa7-c927ef537f65" testListId="8c84fa94-04c1-424b-9868-57a2d4851a1d" />
    <TestEntry testId="39feb591-da25-4199-9661-1aca07ae5916" executionId="0dd94978-98d0-4561-ba72-04eaf57afe8b" testListId="8c84fa94-04c1-424b-9868-57a2d4851a1d" />
    <TestEntry testId="9e12aa56-2b94-4c91-8961-a813dee55562" executionId="29727fc0-61eb-4613-adf8-3b490ba8703a" testListId="8c84fa94-04c1-424b-9868-57a2d4851a1d" />
    <TestEntry testId="983d6ca1-4378-4f86-b83b-e2cf093392e6" executionId="696be979-aa7c-47dd-92b1-930ff9219afd" testListId="8c84fa94-04c1-424b-9868-57a2d4851a1d" />
    <TestEntry testId="6521d197-524d-40e3-8b4c-7bc1794d1bd8" executionId="e13e7aad-41f0-4753-b8b1-fdc8ead568ee" testListId="8c84fa94-04c1-424b-9868-57a2d4851a1d" />
  </TestEntries>
  <TestLists>
    <TestList name="Results Not in a List" id="8c84fa94-04c1-424b-9868-57a2d4851a1d" />
    <TestList name="All Loaded Results" id="19431567-8539-422a-85d7-44ee4e166bda" />
  </TestLists>
  <ResultSummary outcome="Failed">
    <Counters total="5" executed="5" passed="4" failed="1" error="0" timeout="0" aborted="0" inconclusive="0" passedButRunAborted="0" notRunnable="0" notExecuted="0" disconnected="0" warning="0" completed="0" inProgress="0" pending="0" />
  </ResultSummary>
</TestRun>